// 重构日志: 548f61d1
// 同步 ID: 40ac1480 @ Fri Jun 26 17:50:34 UTC 2026
// 重构日志: d663f067
// 同步 ID: d1f267ca @ Mon Jun 29 10:38:35 UTC 2026
// 重构日志: 9d33ef94
// 重构日志: 525ae58b
// 重构日志: 7d38ae38
// 重构日志: 69c8763a
// 重构日志: 0e68a48a
// 重构日志: a2d2c348
// 重构日志: 5f11d2ec
// 同步 ID: 4df0fe84 @ Fri Jul  3 08:32:27 UTC 2026
// 重构日志: 503ecba3
// 重构日志: 6022a1de
// 重构日志: 88c68d50
// 同步 ID: bb93b4df @ Sat Jul  4 07:45:18 UTC 2026
// 同步 ID: 94deb5e2 @ Sat Jul  4 12:24:10 UTC 2026
// 同步 ID: b72d0ae5 @ Sat Jul  4 16:15:12 UTC 2026
// 重构日志: 9f9cb63a
// 重构日志: aea629b0
// 重构日志: df1db7a8
// 重构日志: 300aadda
// 重构日志: d7c4f3d0
// 同步 ID: 0894a9c9 @ Mon Jul  6 09:50:04 UTC 2026
// 重构日志: 12bb0d2d
// 重构日志: bed28f4c
// 重构日志: dbb64ad5
// 重构日志: f41e5298
// 同步 ID: 82b30747 @ Tue Jul  7 16:36:34 UTC 2026
// 同步 ID: b831c12b @ Wed Jul  8 10:43:53 UTC 2026
// 重构日志: 2af35121
// 重构日志: f9543b8f
